<?xml version="1.0" encoding="UTF-8"?>
<testsuite name="runners.LoginRunner" tests="0" skipped="0" failures="0" errors="0" timestamp="1970-01-01T00:00:00" hostname="DESKTOP-M931P7I" time="0.0">
  <properties/>
  <system-out><![CDATA[16:12:06.172 [Test worker] DEBUG net.thucydides.core.util.PropertiesFileLocalPreferences - environments.prod.username=tomsmith
16:12:06.178 [Test worker] DEBUG net.thucydides.core.util.PropertiesFileLocalPreferences - webdriver.autodownload=true
16:12:06.178 [Test worker] DEBUG net.thucydides.core.util.PropertiesFileLocalPreferences - environments.default.message=Your username is invalid!
16:12:06.178 [Test worker] DEBUG net.thucydides.core.util.PropertiesFileLocalPreferences - serenity.console.timestamp=true
16:12:06.178 [Test worker] DEBUG net.thucydides.core.util.PropertiesFileLocalPreferences - environments.default.url=https://the-internet.herokuapp.com/login
16:12:06.179 [Test worker] DEBUG net.thucydides.core.util.PropertiesFileLocalPreferences - environments.qa.password=AnotherUltraSecretPassword
16:12:06.179 [Test worker] DEBUG net.thucydides.core.util.PropertiesFileLocalPreferences - environments.qa.url=https://the-internet.herokuapp.com/login
16:12:06.179 [Test worker] DEBUG net.thucydides.core.util.PropertiesFileLocalPreferences - environments.prod.message=You logged into a secure area!
16:12:06.179 [Test worker] DEBUG net.thucydides.core.util.PropertiesFileLocalPreferences - environments.prod.url=https://the-internet.herokuapp.com/login
16:12:06.180 [Test worker] DEBUG net.thucydides.core.util.PropertiesFileLocalPreferences - serenity.take.screenshots=AFTER_EACH_STEP
16:12:06.181 [Test worker] DEBUG net.thucydides.core.util.PropertiesFileLocalPreferences - serenity.console.colors=true
16:12:06.182 [Test worker] DEBUG net.thucydides.core.util.PropertiesFileLocalPreferences - environments.qa.username=tomsmitherman
16:12:06.182 [Test worker] DEBUG net.thucydides.core.util.PropertiesFileLocalPreferences - chrome.switches=--window-size=1366,728;--ignore-certificate-errors;--disable-popup-blocking;--disable-infobars;--log-level=3;
16:12:06.183 [Test worker] DEBUG net.thucydides.core.util.PropertiesFileLocalPreferences - environments.default.password=SuperSecretPassword!SuperSecretPassword
16:12:06.183 [Test worker] DEBUG net.thucydides.core.util.PropertiesFileLocalPreferences - environments.qa.message=Your username is invalid!
16:12:06.183 [Test worker] DEBUG net.thucydides.core.util.PropertiesFileLocalPreferences - webdriver.driver=chrome
16:12:06.184 [Test worker] DEBUG net.thucydides.core.util.PropertiesFileLocalPreferences - serenity.logging=VERBOSE
16:12:06.184 [Test worker] DEBUG net.thucydides.core.util.PropertiesFileLocalPreferences - environments.default.username=jackjackjack
16:12:06.184 [Test worker] DEBUG net.thucydides.core.util.PropertiesFileLocalPreferences - webdriver.chrome.silentOutput=true
16:12:06.185 [Test worker] DEBUG net.thucydides.core.util.PropertiesFileLocalPreferences - environments.prod.password=SuperSecretPassword!
16:12:06.185 [Test worker] DEBUG net.thucydides.core.util.PropertiesFileLocalPreferences - headless.mode=false
16:12:06.627 [Test worker] INFO io.cucumber.core.plugin.SerenityReporter - Running feature from file:///D:/ALEJANDRO%20BUSTOS%20GÓMEZ/PROYECTOS/TESTING%20PROJECTS/EnvironmentVariablesExample/src/test/resources/features/login.feature
16:12:06.881 [Test worker] DEBUG net.thucydides.core.util.PropertiesFileLocalPreferences - environments.prod.username=tomsmith
16:12:06.881 [Test worker] DEBUG net.thucydides.core.util.PropertiesFileLocalPreferences - webdriver.autodownload=true
16:12:06.881 [Test worker] DEBUG net.thucydides.core.util.PropertiesFileLocalPreferences - environments.default.message=Your username is invalid!
16:12:06.881 [Test worker] DEBUG net.thucydides.core.util.PropertiesFileLocalPreferences - serenity.console.timestamp=true
16:12:06.882 [Test worker] DEBUG net.thucydides.core.util.PropertiesFileLocalPreferences - environments.default.url=https://the-internet.herokuapp.com/login
16:12:06.882 [Test worker] DEBUG net.thucydides.core.util.PropertiesFileLocalPreferences - environments.qa.password=AnotherUltraSecretPassword
16:12:06.882 [Test worker] DEBUG net.thucydides.core.util.PropertiesFileLocalPreferences - environments.qa.url=https://the-internet.herokuapp.com/login
16:12:06.882 [Test worker] DEBUG net.thucydides.core.util.PropertiesFileLocalPreferences - environments.prod.message=You logged into a secure area!
16:12:06.882 [Test worker] DEBUG net.thucydides.core.util.PropertiesFileLocalPreferences - environments.prod.url=https://the-internet.herokuapp.com/login
16:12:06.882 [Test worker] DEBUG net.thucydides.core.util.PropertiesFileLocalPreferences - serenity.take.screenshots=AFTER_EACH_STEP
16:12:06.882 [Test worker] DEBUG net.thucydides.core.util.PropertiesFileLocalPreferences - serenity.console.colors=true
16:12:06.882 [Test worker] DEBUG net.thucydides.core.util.PropertiesFileLocalPreferences - environments.qa.username=tomsmitherman
16:12:06.882 [Test worker] DEBUG net.thucydides.core.util.PropertiesFileLocalPreferences - chrome.switches=--window-size=1366,728;--ignore-certificate-errors;--disable-popup-blocking;--disable-infobars;--log-level=3;
16:12:06.883 [Test worker] DEBUG net.thucydides.core.util.PropertiesFileLocalPreferences - environments.default.password=SuperSecretPassword!SuperSecretPassword
16:12:06.883 [Test worker] DEBUG net.thucydides.core.util.PropertiesFileLocalPreferences - environments.qa.message=Your username is invalid!
16:12:06.883 [Test worker] DEBUG net.thucydides.core.util.PropertiesFileLocalPreferences - webdriver.driver=chrome
16:12:06.883 [Test worker] DEBUG net.thucydides.core.util.PropertiesFileLocalPreferences - serenity.logging=VERBOSE
16:12:06.883 [Test worker] DEBUG net.thucydides.core.util.PropertiesFileLocalPreferences - environments.default.username=jackjackjack
16:12:06.883 [Test worker] DEBUG net.thucydides.core.util.PropertiesFileLocalPreferences - webdriver.chrome.silentOutput=true
16:12:06.883 [Test worker] DEBUG net.thucydides.core.util.PropertiesFileLocalPreferences - environments.prod.password=SuperSecretPassword!
16:12:06.883 [Test worker] DEBUG net.thucydides.core.util.PropertiesFileLocalPreferences - headless.mode=false
16:12:06.893 [Test worker] INFO  - ?[96m

-------------------------------------------------------------------------------------
     _______. _______ .______       _______ .__   __.  __  .___________.____    ____ 
    /       ||   ____||   _  \     |   ____||  \ |  | |  | |           |\   \  /   / 
   |   (----`|  |__   |  |_)  |    |  |__   |   \|  | |  | `---|  |----` \   \/   /  
    \   \    |   __|  |      /     |   __|  |  . `  | |  |     |  |       \_    _/   
.----)   |   |  |____ |  |\  \----.|  |____ |  |\   | |  |     |  |         |  |     
|_______/    |_______|| _| `._____||_______||__| \__| |__|     |__|         |__|    
                                                                                     
 News and tutorials at http://www.serenity-bdd.info                                  
 Documentation at https://wakaleo.gitbooks.io/the-serenity-book/content/             
 Join the Serenity Community on Gitter: https://gitter.im/serenity-bdd/serenity-core 
 Serenity BDD Support and Training at http://serenity-bdd.info/#/trainingandsupport  
-------------------------------------------------------------------------------------
?[0m
16:12:06.897 [Test worker] DEBUG net.thucydides.core.steps.StepEventBus - Test suite started for story net.thucydides.core.model.Story@b45b52a1
16:12:06.901 [Test worker] INFO  - Test Suite Started: Login operations

1 Scenarios (?[32m1 passed?[0m)
3 Steps (?[32m3 passed?[0m)
0m11,960s


16:12:18.588 [Test worker] DEBUG net.thucydides.core.reports.ReportService - Reporting formats: [JSON, HTML]
16:12:18.716 [Test worker] DEBUG net.thucydides.core.reports.ReportService - Reporting formats: [JSON, HTML]
16:12:18.734 [Test worker] DEBUG net.thucydides.core.reports.ReportService - Generating reports for 1 test outcomes using: net.thucydides.core.reports.json.JSONTestOutcomeReporter@91119b
16:12:18.736 [pool-1-thread-1] DEBUG net.thucydides.core.reports.ReportService - Processing test outcome Login operations:Login to the web
16:12:18.736 [pool-1-thread-1] INFO net.thucydides.core.reports.ReportService - net.thucydides.core.reports.json.JSONTestOutcomeReporter@91119b: Generating report for test outcome: Login operations:Login to the web
16:12:18.739 [pool-1-thread-1] DEBUG net.thucydides.core.reports.json.JSONTestOutcomeReporter - Generating JSON report for Login to the web to file D:\ALEJANDRO BUSTOS GÓMEZ\PROYECTOS\TESTING PROJECTS\EnvironmentVariablesExample\target\site\serenity\7da55f0f7998384ec833b0a95c091e6283c3e3d14e4d03fffe43bce3c3623fa2.json (using temp file D:\ALEJANDRO BUSTOS GÓMEZ\PROYECTOS\TESTING PROJECTS\EnvironmentVariablesExample\target\site\serenity\7da55f0f7998384ec833b0a95c091e6283c3e3d14e4d03fffe43bce3c3623fa2.json11ca3f1b-cad5-4d05-bb19-66d8d8c31dba)
16:12:18.793 [pool-1-thread-1] DEBUG net.thucydides.core.reports.ReportService - Processing test outcome Login operations:Login to the web done
16:12:18.793 [Test worker] DEBUG net.thucydides.core.reports.ReportService - Shutting down executor service
16:12:18.794 [Test worker] DEBUG net.thucydides.core.reports.ReportService - Reports generated in: 60 ms
16:12:18.794 [Test worker] DEBUG net.thucydides.core.reports.ReportService - Generating reports for 1 test outcomes using: net.thucydides.core.reports.html.HtmlAcceptanceTestReporter@1b2dc56
16:12:18.796 [pool-2-thread-1] DEBUG net.thucydides.core.reports.ReportService - Processing test outcome Login operations:Login to the web
16:12:18.796 [pool-2-thread-1] INFO net.thucydides.core.reports.ReportService - net.thucydides.core.reports.html.HtmlAcceptanceTestReporter@1b2dc56: Generating report for test outcome: Login operations:Login to the web
16:12:18.832 [pool-2-thread-1] DEBUG net.thucydides.core.requirements.model.cucumber.CucumberParser - Added feature Login operations
16:12:18.845 [pool-2-thread-1] DEBUG net.thucydides.core.requirements.BaseRequirementsService - Requirement found for test outcome Login to the web-[]: Optional[Requirement{name='Login operations', type='feature' parent = 'null', cardNumber='null'}]
16:12:18.849 [pool-2-thread-1] DEBUG net.thucydides.core.requirements.BaseRequirementsService - Requirement found for test outcome Login to the web-[]: Optional[Requirement{name='Login operations', type='feature' parent = 'null', cardNumber='null'}]
16:12:18.934 [pool-2-thread-1] DEBUG net.thucydides.core.requirements.BaseRequirementsService - Requirement found for test outcome Login to the web-[]: Optional[Requirement{name='Login operations', type='feature' parent = 'null', cardNumber='null'}]
16:12:18.935 [pool-2-thread-1] DEBUG net.thucydides.core.requirements.BaseRequirementsService - Requirement found for test outcome Login to the web-[]: Optional[Requirement{name='Login operations', type='feature' parent = 'null', cardNumber='null'}]
16:12:18.944 [pool-2-thread-1] DEBUG serenity.reporting - Generating report in 7da55f0f7998384ec833b0a95c091e6283c3e3d14e4d03fffe43bce3c3623fa2_screenshots.html
16:12:19.725 [pool-2-thread-1] DEBUG serenity.reporting - Generated report 7da55f0f7998384ec833b0a95c091e6283c3e3d14e4d03fffe43bce3c3623fa2_screenshots.html in 781 ms
16:12:19.728 [pool-2-thread-1] INFO serenity.reporting - 
-------------------------------
| TEST NAME:   ?[1mLogin to the web?[0m
| RESULT:      ?[92mPassing?[0m
| REQUIREMENT: Login operations
| REPORT:      ?[96mfile:///D:/ALEJANDRO%20BUSTOS%20GÓMEZ/PROYECTOS/TESTING%20PROJECTS/EnvironmentVariablesExample/target/site/serenity/7da55f0f7998384ec833b0a95c091e6283c3e3d14e4d03fffe43bce3c3623fa2.html?[0m
-------------------------------
16:12:19.731 [pool-2-thread-1] DEBUG serenity.reporting - Generating report in 7da55f0f7998384ec833b0a95c091e6283c3e3d14e4d03fffe43bce3c3623fa2.html
16:12:20.056 [pool-2-thread-1] DEBUG serenity.reporting - Generated report 7da55f0f7998384ec833b0a95c091e6283c3e3d14e4d03fffe43bce3c3623fa2.html in 325 ms
16:12:20.056 [pool-2-thread-1] DEBUG net.thucydides.core.reports.ReportService - Processing test outcome Login operations:Login to the web done
16:12:20.056 [Test worker] DEBUG net.thucydides.core.reports.ReportService - Shutting down executor service
16:12:20.056 [Test worker] DEBUG net.thucydides.core.reports.ReportService - Reports generated in: 1262 ms
16:12:20.352 [Test worker] INFO io.cucumber.core.plugin.SerenityReporter - Cleanup test resources for URI file:///D:/ALEJANDRO%20BUSTOS%20GÓMEZ/PROYECTOS/TESTING%20PROJECTS/EnvironmentVariablesExample/src/test/resources/features/login.feature
16:12:20.354 [Test worker] DEBUG net.serenitybdd.core.photography.Darkroom - Closing darkroom
16:12:20.354 [Darkroom Processing Line] DEBUG net.serenitybdd.core.photography.DarkroomProcessingLine - Darkroom processing line shutting down
16:12:20.362 [Test worker] DEBUG net.serenitybdd.core.photography.Darkroom - Closing darkroom
]]></system-out>
  <system-err><![CDATA[]]></system-err>
</testsuite>
